[INFO] Scanning for projects...
[INFO] 
[INFO] ------------------< com.focusbuddy:focusbuddy-server >------------------
[INFO] Building focusbuddy-server 0.0.1-SNAPSHOT
[INFO]   from pom.xml
[INFO] --------------------------------[ jar ]---------------------------------
[INFO] 
[INFO] --- clean:3.3.2:clean (default-clean) @ focusbuddy-server ---
[INFO] Deleting C:\Users\SUBRATO KUNDU\Desktop\NEW WORK\Ironclad\server\target
[INFO] 
[INFO] --- resources:3.3.1:resources (default-resources) @ focusbuddy-server ---
[INFO] Copying 1 resource from src\main\resources to target\classes
[INFO] Copying 0 resource from src\main\resources to target\classes
[INFO] 
[INFO] --- compiler:3.11.0:compile (default-compile) @ focusbuddy-server ---
[INFO] Changes detected - recompiling the module! :source
[INFO] Compiling 19 source files with javac [debug release 17] to target\classes
[INFO] 
[INFO] --- resources:3.3.1:testResources (default-testResources) @ focusbuddy-server ---
[INFO] skip non existing resourceDirectory C:\Users\SUBRATO KUNDU\Desktop\NEW WORK\Ironclad\server\src\test\resources
[INFO] 
[INFO] --- compiler:3.11.0:testCompile (default-testCompile) @ focusbuddy-server ---
[INFO] Changes detected - recompiling the module! :dependency
[INFO] Compiling 1 source file with javac [debug release 17] to target\test-classes
[INFO] 
[INFO] --- surefire:3.1.2:test (default-test) @ focusbuddy-server ---
[INFO] Using auto detected provider org.apache.maven.surefire.junitplatform.JUnitPlatformProvider
[INFO] 
[INFO] -------------------------------------------------------
[INFO]  T E S T S
[INFO] -------------------------------------------------------
[INFO] Running com.focusbuddy.service.StreakServiceTest
[ERROR] Tests run: 5, Failures: 1, Errors: 0, Skipped: 0, Time elapsed: 1.470 s <<< FAILURE! -- in com.focusbuddy.service.StreakServiceTest
[ERROR] com.focusbuddy.service.StreakServiceTest.testNoChangeSameDay -- Time elapsed: 0.060 s <<< FAILURE!
Wanted but not invoked:
streakRepository.save(
    Streak(userId=1, currentStreak=5, graceDaysRemaining=1, lastSessionDate=2025-12-28)
);
-> at com.focusbuddy.service.StreakServiceTest.testNoChangeSameDay(StreakServiceTest.java:66)
Actually, there were zero interactions with this mock.

	at com.focusbuddy.service.StreakServiceTest.testNoChangeSameDay(StreakServiceTest.java:66)
	at java.base/java.lang.reflect.Method.invoke(Method.java:580)
	at java.base/java.util.ArrayList.forEach(ArrayList.java:1597)
	at java.base/java.util.ArrayList.forEach(ArrayList.java:1597)

[INFO] 
[INFO] Results:
[INFO] 
[ERROR] Failures: 
[ERROR]   StreakServiceTest.testNoChangeSameDay:66 
Wanted but not invoked:
streakRepository.save(
    Streak(userId=1, currentStreak=5, graceDaysRemaining=1, lastSessionDate=2025-12-28)
);
-> at com.focusbuddy.service.StreakServiceTest.testNoChangeSameDay(StreakServiceTest.java:66)
Actually, there were zero interactions with this mock.

[INFO] 
[ERROR] Tests run: 5, Failures: 1, Errors: 0, Skipped: 0
[INFO] 
[INFO] ------------------------------------------------------------------------
[INFO] BUILD FAILURE
[INFO] ------------------------------------------------------------------------
[INFO] Total time:  9.726 s
[INFO] Finished at: 2025-12-28T20:34:14+05:30
[INFO] ------------------------------------------------------------------------
[ERROR] Failed to execute goal org.apache.maven.plugins:maven-surefire-plugin:3.1.2:test (default-test) on project focusbuddy-server: There are test failures.
[ERROR] 
[ERROR] Please refer to C:\Users\SUBRATO KUNDU\Desktop\NEW WORK\Ironclad\server\target\surefire-reports for the individual test results.
[ERROR] Please refer to dump files (if any exist) [date].dump, [date]-jvmRun[N].dump and [date].dumpstream.
[ERROR] -> [Help 1]
[ERROR] 
[ERROR] To see the full stack trace of the errors, re-run Maven with the -e switch.
[ERROR] Re-run Maven using the -X switch to enable full debug logging.
[ERROR] 
[ERROR] For more information about the errors and possible solutions, please read the following articles:
[ERROR] [Help 1] http://cwiki.apache.org/confluence/display/MAVEN/MojoFailureException
